<?xml version="1.0" encoding="UTF-8"?>
<!-- Generated by org.testng.reporters.JUnitReportReporter -->
<testsuite hostname="DESKTOP-757EIR7" failures="0" tests="1" name="testCases.TC_001_Registration" time="3.722" errors="0" timestamp="2024-07-15T10:45:39 IST" skipped="0">
  <testcase classname="testCases.TC_001_Registration" name="AccountRegistration" time="3.722"/>
</testsuite> <!-- testCases.TC_001_Registration -->
